android/build/intermediates/manifest_merge_blame_file/release/manifest-merger-blame-release-report.txt
1<?xml version="1.0" encoding="utf-8"?>
2<manifest xmlns:android="http://schemas.android.com/apk/res/android"
3    package="com.mrfield.flappygremlin"
4    android:versionCode="1"
5    android:versionName="1.0" >
6
7    <uses-sdk
8        android:minSdkVersion="14"
8-->flappy-gremlin/android/AndroidManifest.xml
9        android:targetSdkVersion="34" />
9-->flappy-gremlin/android/AndroidManifest.xml
10
11    <uses-feature
11-->flappy-gremlin/android/AndroidManifest.xml:5:5-78
12        android:glEsVersion="0x00020000"
12-->flappy-gremlin/android/AndroidManifest.xml:5:19-51
13        android:required="true" />
13-->flappy-gremlin/android/AndroidManifest.xml:5:52-75
14
15    <application
15-->flappy-gremlin/android/AndroidManifest.xml:7:5-26:19
16        android:allowBackup="true"
16-->flappy-gremlin/android/AndroidManifest.xml:8:9-35
17        android:appCategory="game"
17-->flappy-gremlin/android/AndroidManifest.xml:12:9-35
18        android:fullBackupContent="true"
18-->flappy-gremlin/android/AndroidManifest.xml:9:9-41
19        android:icon="@drawable/ic_launcher"
19-->flappy-gremlin/android/AndroidManifest.xml:10:9-45
20        android:isGame="true"
20-->flappy-gremlin/android/AndroidManifest.xml:11:9-30
21        android:label="@string/app_name" >
21-->flappy-gremlin/android/AndroidManifest.xml:13:9-41
22        <activity
22-->flappy-gremlin/android/AndroidManifest.xml:15:9-25:20
23            android:name="com.mrfield.flappygremlin.AndroidLauncher"
23-->flappy-gremlin/android/AndroidManifest.xml:16:13-69
24            android:configChanges="keyboard|keyboardHidden|navigation|orientation|screenSize|screenLayout"
24-->flappy-gremlin/android/AndroidManifest.xml:19:13-107
25            android:exported="true"
25-->flappy-gremlin/android/AndroidManifest.xml:20:13-36
26            android:label="@string/app_name"
26-->flappy-gremlin/android/AndroidManifest.xml:17:13-45
27            android:screenOrientation="portrait" >
27-->flappy-gremlin/android/AndroidManifest.xml:18:13-49
28            <intent-filter>
28-->flappy-gremlin/android/AndroidManifest.xml:21:13-24:29
29                <action android:name="android.intent.action.MAIN" />
29-->flappy-gremlin/android/AndroidManifest.xml:22:17-69
29-->flappy-gremlin/android/AndroidManifest.xml:22:25-66
30
31                <category android:name="android.intent.category.LAUNCHER" />
31-->flappy-gremlin/android/AndroidManifest.xml:23:17-77
31-->flappy-gremlin/android/AndroidManifest.xml:23:27-74
32            </intent-filter>
33        </activity>
34    </application>
35
36</manifest>